#
# There is insufficient memory for the Java Runtime Environment to continue.
# Native memory allocation (malloc) failed to allocate 72976 bytes for Chunk::new
# Possible reasons:
#   The system is out of physical RAM or swap space
#   In 32 bit mode, the process size limit was hit
# Possible solutions:
#   Reduce memory load on the system
#   Increase physical memory or swap space
#   Check if swap backing store is full
#   Use 64 bit Java on a 64 bit OS
#   Decrease Java heap size (-Xmx/-Xms)
#   Decrease number of Java threads
#   Decrease Java thread stack sizes (-Xss)
#   Set larger code cache with -XX:ReservedCodeCacheSize=
# This output file may be truncated or incomplete.
#
#  Out of Memory Error (allocation.cpp:328), pid=5592, tid=6896
#
# JRE version: 7.0_11-b21
# Java VM: Java HotSpot(TM) 64-Bit Server VM (23.6-b04 mixed mode windows-amd64 compressed oops)
# Failed to write core dump. Minidumps are not enabled by default on client versions of Windows
#

---------------  T H R E A D  ---------------

Current thread (0x000000002334c000):  JavaThread "C2 CompilerThread1" daemon [_thread_in_native, id=6896, stack(0x000000004d010000,0x0000000051010000)]

Stack: [0x000000004d010000,0x0000000051010000]

Current CompileTask:
C2:3901312 1541             sun.java2d.SunGraphics2D::setDevClip (45 bytes)


---------------  P R O C E S S  ---------------

Java Threads: ( => current thread )
  0x0000000023738000 JavaThread "Code Analyzer updating thread" [_thread_blocked, id=1220, stack(0x00000000c0fc0000,0x00000000c4fc0000)]
  0x0000000023737800 JavaThread "Active Reference Queue Daemon" daemon [_thread_blocked, id=6088, stack(0x00000000b0fc0000,0x00000000b4fc0000)]
  0x000000002372f000 JavaThread "Timer-1" daemon [_thread_blocked, id=2000, stack(0x00000000a7ff0000,0x00000000abff0000)]
  0x000000002372e800 JavaThread "Prefs Updater" daemon [_thread_blocked, id=3864, stack(0x0000000077f60000,0x000000007bf60000)]
  0x0000000023733800 JavaThread "ClipboardMonitor Timer" daemon [_thread_blocked, id=940, stack(0x00000000d0fc0000,0x00000000d4fc0000)]
  0x0000000023736800 JavaThread "Explorer NavigationContext request queue" daemon [_thread_blocked, id=1972, stack(0x00000000c4fc0000,0x00000000c8fc0000)]
  0x0000000023730000 JavaThread "AddressBar directory emptiness poller" daemon [_thread_blocked, id=6700, stack(0x00000000bcfc0000,0x00000000c0fc0000)]
  0x0000000023733000 JavaThread "Explorer Refresh Service 686895292" daemon [_thread_blocked, id=3904, stack(0x00000000b8fc0000,0x00000000bcfc0000)]
  0x0000000023730800 JavaThread "Thread-4" daemon [_thread_blocked, id=3480, stack(0x00000000acfc0000,0x00000000b0fc0000)]
  0x000000002373a800 JavaThread "TimerQueue" daemon [_thread_blocked, id=6764, stack(0x000000009fff0000,0x00000000a3ff0000)]
  0x00000000599a0000 JavaThread "Thread-3" daemon [_thread_blocked, id=1808, stack(0x000000008bff0000,0x000000008fff0000)]
  0x000000005999e000 JavaThread "AWT-EventQueue-0" [_thread_blocked, id=5860, stack(0x0000000087ff0000,0x000000008bff0000)]
  0x000000005999d000 JavaThread "AWT-Shutdown" [_thread_blocked, id=5488, stack(0x0000000083ff0000,0x0000000087ff0000)]
  0x000000005999f800 JavaThread "FelixPackageAdmin" daemon [_thread_blocked, id=3820, stack(0x0000000097ff0000,0x000000009bff0000)]
  0x00000000593fe800 JavaThread "FelixStartLevel" daemon [_thread_blocked, id=5924, stack(0x0000000093ff0000,0x0000000097ff0000)]
  0x00000000593fe000 JavaThread "FelixDispatchQueue" daemon [_thread_blocked, id=4548, stack(0x000000008fff0000,0x0000000093ff0000)]
  0x00000000593a0000 JavaThread "com.google.common.base.internal.Finalizer" daemon [_thread_blocked, id=4952, stack(0x000000007fff0000,0x0000000083ff0000)]
  0x000000005939e800 JavaThread "AWT-Windows" daemon [_thread_in_native, id=4332, stack(0x0000000073f60000,0x0000000077f60000)]
  0x000000005939d800 JavaThread "Java2D Disposer" daemon [_thread_blocked, id=4948, stack(0x00000000620e0000,0x00000000660e0000)]
  0x00000000591df000 JavaThread "Timer-0" [_thread_blocked, id=3624, stack(0x000000005e0d0000,0x00000000620d0000)]
  0x00000000591f4000 JavaThread "EventMgr Dispatcher" daemon [_thread_in_native, id=6888, stack(0x0000000059fe0000,0x000000005dfe0000)]
  0x0000000023355000 JavaThread "Service Thread" daemon [_thread_blocked, id=5384, stack(0x0000000051010000,0x0000000055010000)]
=>0x000000002334c000 JavaThread "C2 CompilerThread1" daemon [_thread_in_native, id=6896, stack(0x000000004d010000,0x0000000051010000)]
  0x0000000023343000 JavaThread "C2 CompilerThread0" daemon [_thread_blocked, id=4696, stack(0x0000000049010000,0x000000004d010000)]
  0x0000000023340800 JavaThread "Attach Listener" daemon [_thread_blocked, id=5112, stack(0x0000000045010000,0x0000000049010000)]
  0x00000000232e3000 JavaThread "Finalizer" daemon [_thread_blocked, id=6892, stack(0x0000000041010000,0x0000000045010000)]
  0x00000000232dd000 JavaThread "Reference Handler" daemon [_thread_blocked, id=4084, stack(0x000000003d010000,0x0000000041010000)]
  0x0000000021f87000 JavaThread "main" [_thread_in_native, id=1436, stack(0x0000000000040000,0x0000000004040000)]

Other Threads:
  0x00000000232d8000 VMThread [stack: 0x0000000039010000,0x000000003d010000] [id=7076]
  0x00000000233a9000 WatcherThread [stack: 0x0000000055010000,0x0000000059010000] [id=4168]

VM state:not at safepoint (normal execution)

VM Mutex/Monitor currently owned by a thread: None

Heap
 PSYoungGen      total 45568K, used 13987K [0x00000000fa000000, 0x00000000fd9a0000, 0x0000000100000000)
  eden space 45056K, 29% used [0x00000000fa000000,0x00000000fad2ce58,0x00000000fcc00000)
  from space 512K, 96% used [0x00000000fcd90000,0x00000000fce0c070,0x00000000fce10000)
  to   space 6976K, 0% used [0x00000000fd2d0000,0x00000000fd2d0000,0x00000000fd9a0000)
 ParOldGen       total 66816K, used 47225K [0x00000000e8000000, 0x00000000ec140000, 0x00000000fa000000)
  object space 66816K, 70% used [0x00000000e8000000,0x00000000eae1e448,0x00000000ec140000)
 PSPermGen       total 87360K, used 56764K [0x00000000e0000000, 0x00000000e5550000, 0x00000000e8000000)
  object space 87360K, 64% used [0x00000000e0000000,0x00000000e376f318,0x00000000e5550000)

Card table byte_map: [0x0000000026a40000,0x0000000026b50000] byte_map_base: 0x0000000026340000

Polling page: 0x0000000008e20000

Code Cache  [0x0000000023980000, 0x0000000023dd0000, 0x0000000026980000)
 total_blobs=2081 nmethods=1439 adapters=591 free_code_cache=44856Kb largest_free_block=45839808

Compilation events (10 events):
Event: 3580.368 Thread 0x0000000023343000 nmethod 1536 0x0000000023dc2990 code [0x0000000023dc2ac0, 0x0000000023dc2b18]
Event: 3595.202 Thread 0x000000002334c000 1537             javax.swing.text.PlainView::setSize (11 bytes)
Event: 3596.832 Thread 0x000000002334c000 nmethod 1537 0x0000000023dc1b50 code [0x0000000023dc1cc0, 0x0000000023dc1e58]
Event: 3646.324 Thread 0x0000000023343000 1538  s          javax.swing.RepaintManager$ProcessingRunnable::markPending (16 bytes)
Event: 3646.328 Thread 0x0000000023343000 nmethod 1538 0x0000000023dc1690 code [0x0000000023dc17c0, 0x0000000023dc1ab8]
Event: 3755.048 Thread 0x000000002334c000 1539             javax.swing.TimerQueue::access$000 (4 bytes)
Event: 3755.049 Thread 0x000000002334c000 nmethod 1539 0x0000000023dc1490 code [0x0000000023dc15c0, 0x0000000023dc1618]
Event: 3757.226 Thread 0x0000000023343000 1540             javax.swing.plaf.basic.BasicTextUI::getVisibleEditorRect (106 bytes)
Event: 3757.237 Thread 0x0000000023343000 nmethod 1540 0x0000000023dc3f10 code [0x0000000023dc4060, 0x0000000023dc41b8]
Event: 3898.520 Thread 0x000000002334c000 1541             sun.java2d.SunGraphics2D::setDevClip (45 bytes)

GC Heap History (10 events):
Event: 3056.515 GC heap before
{Heap before GC invocations=44 (full 1):
 PSYoungGen      total 57536K, used 57494K [0x00000000fa000000, 0x00000000fe140000, 0x0000000100000000)
  eden space 53952K, 100% used [0x00000000fa000000,0x00000000fd4b0000,0x00000000fd4b0000)
  from space 3584K, 98% used [0x00000000fddc0000,0x00000000fe1359a0,0x00000000fe140000)
  to   space 6400K, 0% used [0x00000000fd4c0000,0x00000000fd4c0000,0x00000000fdb00000)
 ParOldGen       total 66816K, used 44103K [0x00000000e8000000, 0x00000000ec140000, 0x00000000fa000000)
  object space 66816K, 66% used [0x00000000e8000000,0x00000000eab11e30,0x00000000ec140000)
 PSPermGen       total 87360K, used 56756K [0x00000000e0000000, 0x00000000e5550000, 0x00000000e8000000)
  object space 87360K, 64% used [0x00000000e0000000,0x00000000e376d2e8,0x00000000e5550000)
Event: 3056.567 GC heap after
Heap after GC invocations=44 (full 1):
 PSYoungGen      total 54784K, used 2758K [0x00000000fa000000, 0x00000000fdf60000, 0x0000000100000000)
  eden space 51968K, 0% used [0x00000000fa000000,0x00000000fa000000,0x00000000fd2c0000)
  from space 2816K, 97% used [0x00000000fd4c0000,0x00000000fd7719b0,0x00000000fd780000)
  to   space 6464K, 0% used [0x00000000fd910000,0x00000000fd910000,0x00000000fdf60000)
 ParOldGen       total 66816K, used 44895K [0x00000000e8000000, 0x00000000ec140000, 0x00000000fa000000)
  object space 66816K, 67% used [0x00000000e8000000,0x00000000eabd7ec0,0x00000000ec140000)
 PSPermGen       total 87360K, used 56756K [0x00000000e0000000, 0x00000000e5550000, 0x00000000e8000000)
  object space 87360K, 64% used [0x00000000e0000000,0x00000000e376d2e8,0x00000000e5550000)
}
Event: 3264.221 GC heap before
{Heap before GC invocations=45 (full 1):
 PSYoungGen      total 54784K, used 54726K [0x00000000fa000000, 0x00000000fdf60000, 0x0000000100000000)
  eden space 51968K, 100% used [0x00000000fa000000,0x00000000fd2c0000,0x00000000fd2c0000)
  from space 2816K, 97% used [0x00000000fd4c0000,0x00000000fd7719b0,0x00000000fd780000)
  to   space 6464K, 0% used [0x00000000fd910000,0x00000000fd910000,0x00000000fdf60000)
 ParOldGen       total 66816K, used 44895K [0x00000000e8000000, 0x00000000ec140000, 0x00000000fa000000)
  object space 66816K, 67% used [0x00000000e8000000,0x00000000eabd7ec0,0x00000000ec140000)
 PSPermGen       total 87360K, used 56759K [0x00000000e0000000, 0x00000000e5550000, 0x00000000e8000000)
  object space 87360K, 64% used [0x00000000e0000000,0x00000000e376df48,0x00000000e5550000)
Event: 3264.644 GC heap after
Heap after GC invocations=45 (full 1):
 PSYoungGen      total 55104K, used 1846K [0x00000000fa000000, 0x00000000fddf0000, 0x0000000100000000)
  eden space 50112K, 0% used [0x00000000fa000000,0x00000000fa000000,0x00000000fd0f0000)
  from space 4992K, 36% used [0x00000000fd910000,0x00000000fdadd9a0,0x00000000fddf0000)
  to   space 6656K, 0% used [0x00000000fd0f0000,0x00000000fd0f0000,0x00000000fd770000)
 ParOldGen       total 66816K, used 45765K [0x00000000e8000000, 0x00000000ec140000, 0x00000000fa000000)
  object space 66816K, 68% used [0x00000000e8000000,0x00000000eacb16d0,0x00000000ec140000)
 PSPermGen       total 87360K, used 56759K [0x00000000e0000000, 0x00000000e5550000, 0x00000000e8000000)
  object space 87360K, 64% used [0x00000000e0000000,0x00000000e376df48,0x00000000e5550000)
}
Event: 3466.058 GC heap before
{Heap before GC invocations=46 (full 1):
 PSYoungGen      total 55104K, used 51958K [0x00000000fa000000, 0x00000000fddf0000, 0x0000000100000000)
  eden space 50112K, 100% used [0x00000000fa000000,0x00000000fd0f0000,0x00000000fd0f0000)
  from space 4992K, 36% used [0x00000000fd910000,0x00000000fdadd9a0,0x00000000fddf0000)
  to   space 6656K, 0% used [0x00000000fd0f0000,0x00000000fd0f0000,0x00000000fd770000)
 ParOldGen       total 66816K, used 45765K [0x00000000e8000000, 0x00000000ec140000, 0x00000000fa000000)
  object space 66816K, 68% used [0x00000000e8000000,0x00000000eacb16d0,0x00000000ec140000)
 PSPermGen       total 87360K, used 56762K [0x00000000e0000000, 0x00000000e5550000, 0x00000000e8000000)
  object space 87360K, 64% used [0x00000000e0000000,0x00000000e376e860,0x00000000e5550000)
Event: 3466.481 GC heap after
Heap after GC invocations=46 (full 1):
 PSYoungGen      total 50112K, used 1782K [0x00000000fa000000, 0x00000000fdc50000, 0x0000000100000000)
  eden space 48320K, 0% used [0x00000000fa000000,0x00000000fa000000,0x00000000fcf30000)
  from space 1792K, 99% used [0x00000000fd0f0000,0x00000000fd2ad9a0,0x00000000fd2b0000)
  to   space 6720K, 0% used [0x00000000fd5c0000,0x00000000fd5c0000,0x00000000fdc50000)
 ParOldGen       total 66816K, used 45853K [0x00000000e8000000, 0x00000000ec140000, 0x00000000fa000000)
  object space 66816K, 68% used [0x00000000e8000000,0x00000000eacc76d0,0x00000000ec140000)
 PSPermGen       total 87360K, used 56762K [0x00000000e0000000, 0x00000000e5550000, 0x00000000e8000000)
  object space 87360K, 64% used [0x00000000e0000000,0x00000000e376e860,0x00000000e5550000)
}
Event: 3662.401 GC heap before
{Heap before GC invocations=47 (full 1):
 PSYoungGen      total 50112K, used 50102K [0x00000000fa000000, 0x00000000fdc50000, 0x0000000100000000)
  eden space 48320K, 100% used [0x00000000fa000000,0x00000000fcf30000,0x00000000fcf30000)
  from space 1792K, 99% used [0x00000000fd0f0000,0x00000000fd2ad9a0,0x00000000fd2b0000)
  to   space 6720K, 0% used [0x00000000fd5c0000,0x00000000fd5c0000,0x00000000fdc50000)
 ParOldGen       total 66816K, used 45853K [0x00000000e8000000, 0x00000000ec140000, 0x00000000fa000000)
  object space 66816K, 68% used [0x00000000e8000000,0x00000000eacc76d0,0x00000000ec140000)
 PSPermGen       total 87360K, used 56763K [0x00000000e0000000, 0x00000000e5550000, 0x00000000e8000000)
  object space 87360K, 64% used [0x00000000e0000000,0x00000000e376edf8,0x00000000e5550000)
Event: 3662.618 GC heap after
Heap after GC invocations=47 (full 1):
 PSYoungGen      total 51840K, used 1734K [0x00000000fa000000, 0x00000000fdad0000, 0x0000000100000000)
  eden space 46656K, 0% used [0x00000000fa000000,0x00000000fa000000,0x00000000fcd90000)
  from space 5184K, 33% used [0x00000000fd5c0000,0x00000000fd7719b0,0x00000000fdad0000)
  to   space 6784K, 0% used [0x00000000fcd90000,0x00000000fcd90000,0x00000000fd430000)
 ParOldGen       total 66816K, used 45949K [0x00000000e8000000, 0x00000000ec140000, 0x00000000fa000000)
  object space 66816K, 68% used [0x00000000e8000000,0x00000000eacdf6d0,0x00000000ec140000)
 PSPermGen       total 87360K, used 56763K [0x00000000e0000000, 0x00000000e5550000, 0x00000000e8000000)
  object space 87360K, 64% used [0x00000000e0000000,0x00000000e376edf8,0x00000000e5550000)
}
Event: 3846.668 GC heap before
{Heap before GC invocations=48 (full 1):
 PSYoungGen      total 51840K, used 48390K [0x00000000fa000000, 0x00000000fdad0000, 0x0000000100000000)
  eden space 46656K, 100% used [0x00000000fa000000,0x00000000fcd90000,0x00000000fcd90000)
  from space 5184K, 33% used [0x00000000fd5c0000,0x00000000fd7719b0,0x00000000fdad0000)
  to   space 6784K, 0% used [0x00000000fcd90000,0x00000000fcd90000,0x00000000fd430000)
 ParOldGen       total 66816K, used 45949K [0x00000000e8000000, 0x00000000ec140000, 0x00000000fa000000)
  object space 66816K, 68% used [0x00000000e8000000,0x00000000eacdf6d0,0x00000000ec140000)
 PSPermGen       total 87360K, used 56764K [0x00000000e0000000, 0x00000000e5550000, 0x00000000e8000000)
  object space 87360K, 64% used [0x00000000e0000000,0x00000000e376f318,0x00000000e5550000)
Event: 3846.673 GC heap after
Heap after GC invocations=48 (full 1):
 PSYoungGen      total 45568K, used 496K [0x00000000fa000000, 0x00000000fd9a0000, 0x0000000100000000)
  eden space 45056K, 0% used [0x00000000fa000000,0x00000000fa000000,0x00000000fcc00000)
  from space 512K, 96% used [0x00000000fcd90000,0x00000000fce0c070,0x00000000fce10000)
  to   space 6976K, 0% used [0x00000000fd2d0000,0x00000000fd2d0000,0x00000000fd9a0000)
 ParOldGen       total 66816K, used 47225K [0x00000000e8000000, 0x00000000ec140000, 0x00000000fa000000)
  object space 66816K, 70% used [0x00000000e8000000,0x00000000eae1e448,0x00000000ec140000)
 PSPermGen       total 87360K, used 56764K [0x00000000e0000000, 0x00000000e5550000, 0x00000000e8000000)
  object space 87360K, 64% used [0x00000000e0000000,0x00000000e376f318,0x00000000e5550000)
}

Deoptimization events (10 events):
Event: 565.954 Thread 0x000000005999e000 Uncommon trap -34 fr.pc 0x0000000023ca76b8
Event: 872.395 Thread 0x00000000232dd000 Uncommon trap -34 fr.pc 0x0000000023ae399c
Event: 1351.191 Thread 0x000000005999e000 Uncommon trap -83 fr.pc 0x0000000023cb66b0
Event: 1351.193 Thread 0x000000005999e000 Uncommon trap -83 fr.pc 0x0000000023cb66b0
Event: 1351.193 Thread 0x000000005999e000 Uncommon trap -83 fr.pc 0x0000000023cb66b0
Event: 1351.256 Thread 0x000000005999e000 Uncommon trap -83 fr.pc 0x0000000023c14db4
Event: 1351.288 Thread 0x000000005999e000 Uncommon trap -34 fr.pc 0x0000000023ce5e30
Event: 1376.107 Thread 0x000000005999e000 Uncommon trap -83 fr.pc 0x0000000023c3a664
Event: 1376.160 Thread 0x000000005999e000 Uncommon trap -12 fr.pc 0x0000000023d14d10
Event: 2100.548 Thread 0x000000005999e000 Uncommon trap -12 fr.pc 0x0000000023cc423c

Internal exceptions (10 events):
Event: 1100.879 Thread 0x0000000021f87000 Threw 0x00000000fd9c9d68 at C:\jdk7u1_64p\jdk7u11\hotspot\src\share\vm\prims\jvm.cpp:1166
Event: 1100.880 Thread 0x0000000021f87000 Threw 0x00000000fd9ca470 at C:\jdk7u1_64p\jdk7u11\hotspot\src\share\vm\prims\jvm.cpp:1166
Event: 1100.880 Thread 0x0000000021f87000 Threw 0x00000000fd9d88b8 at C:\jdk7u1_64p\jdk7u11\hotspot\src\share\vm\prims\jvm.cpp:1166
Event: 1100.880 Thread 0x0000000021f87000 Threw 0x00000000fd9d8cd8 at C:\jdk7u1_64p\jdk7u11\hotspot\src\share\vm\prims\jvm.cpp:1166
Event: 1100.881 Thread 0x0000000021f87000 Threw 0x00000000fd9e7100 at C:\jdk7u1_64p\jdk7u11\hotspot\src\share\vm\prims\jvm.cpp:1166
Event: 1100.881 Thread 0x0000000021f87000 Threw 0x00000000fd9e7648 at C:\jdk7u1_64p\jdk7u11\hotspot\src\share\vm\prims\jvm.cpp:1166
Event: 1100.881 Thread 0x0000000021f87000 Threw 0x00000000fd9f5a70 at C:\jdk7u1_64p\jdk7u11\hotspot\src\share\vm\prims\jvm.cpp:1166
Event: 1376.107 Thread 0x000000005999e000 Implicit null exception at 0x0000000023c3a504 to 0x0000000023c3a655
Event: 1376.160 Thread 0x000000005999e000 Implicit null exception at 0x0000000023d1452b to 0x0000000023d14d05
Event: 2100.547 Thread 0x000000005999e000 Implicit null exception at 0x0000000023cc3ec0 to 0x0000000023cc4231

Events (10 events):
Event: 3263.632 Executing VM operation: ParallelGCFailedAllocation
Event: 3264.644 Executing VM operation: ParallelGCFailedAllocation done
Event: 3464.432 Executing VM operation: ParallelGCFailedAllocation
Event: 3466.481 Executing VM operation: ParallelGCFailedAllocation done
Event: 3470.732 loading class 0x000000005925b240
Event: 3471.648 loading class 0x000000005925b240 done
Event: 3661.641 Executing VM operation: ParallelGCFailedAllocation
Event: 3662.618 Executing VM operation: ParallelGCFailedAllocation done
Event: 3846.583 Executing VM operation: ParallelGCFailedAllocation
Event: 3846.674 Executing VM operation: ParallelGCFailedAllocation done


Dynamic libraries:
0x0000000140000000 - 0x0000000140029000 	C:\Program Files\MATLAB\R2013b\bin\win64\MATLAB.exe
0x00007fff76fe0000 - 0x00007fff7718a000 	C:\WINDOWS\SYSTEM32\ntdll.dll
0x00007fff76be0000 - 0x00007fff76d1a000 	C:\WINDOWS\system32\KERNEL32.DLL
0x00007fff74570000 - 0x00007fff7467f000 	C:\WINDOWS\system32\KERNELBASE.dll
0x000000006f060000 - 0x000000006f3dc000 	C:\Program Files\MATLAB\R2013b\bin\win64\libmwservices.dll
0x000000006e4d0000 - 0x000000006e57d000 	C:\Program Files\MATLAB\R2013b\bin\win64\mcr.dll
0x000000006ad70000 - 0x000000006aedf000 	C:\Program Files\MATLAB\R2013b\bin\win64\mvm.dll
0x000000006ca10000 - 0x000000006caa8000 	C:\Program Files\MATLAB\R2013b\bin\win64\MSVCP100.dll
0x000000006c930000 - 0x000000006ca02000 	C:\Program Files\MATLAB\R2013b\bin\win64\MSVCR100.dll
0x000000006fe80000 - 0x000000006ff56000 	C:\Program Files\MATLAB\R2013b\bin\win64\libmwi18n.dll
0x0000000004270000 - 0x000000000432b000 	C:\Program Files\MATLAB\R2013b\bin\win64\libut.dll
0x000000006f960000 - 0x000000006fb07000 	C:\Program Files\MATLAB\R2013b\bin\win64\libmwfl.dll
0x0000000004330000 - 0x000000000442b000 	C:\Program Files\MATLAB\R2013b\bin\win64\libmx.dll
0x000000006ef00000 - 0x000000006ef4e000 	C:\Program Files\MATLAB\R2013b\bin\win64\libmwregexp.dll
0x000000006eeb0000 - 0x000000006eef7000 	C:\Program Files\MATLAB\R2013b\bin\win64\mpath.dll
0x0000000004430000 - 0x0000000004a58000 	C:\Program Files\MATLAB\R2013b\bin\win64\mlutil.dll
0x0000000004a60000 - 0x0000000004e6f000 	C:\Program Files\MATLAB\R2013b\bin\win64\libmwMATLAB_res.dll
0x000000006e5f0000 - 0x000000006e613000 	C:\Program Files\MATLAB\R2013b\bin\win64\libmwMATLAB_settings_res.dll
0x000000006e580000 - 0x000000006e586000 	C:\Program Files\MATLAB\R2013b\bin\win64\libmwnativedisplay.dll
0x00000000685f0000 - 0x000000006863d000 	C:\Program Files\MATLAB\R2013b\bin\win64\opccore.dll
0x00000000684f0000 - 0x00000000685c6000 	C:\Program Files\MATLAB\R2013b\bin\win64\opcmodel.dll
0x00000000684c0000 - 0x00000000684ed000 	C:\Program Files\MATLAB\R2013b\bin\win64\opczippackage.dll
0x0000000068340000 - 0x00000000683a6000 	C:\Program Files\MATLAB\R2013b\bin\win64\opcmwservices.dll
0x000000006b230000 - 0x000000006b23e000 	C:\Program Files\MATLAB\R2013b\bin\win64\boost_date_time-vc100-mt-1_49.dll
0x000000006b240000 - 0x000000006b26c000 	C:\Program Files\MATLAB\R2013b\bin\win64\boost_filesystem-vc100-mt-1_49.dll
0x000000006b1c0000 - 0x000000006b1d0000 	C:\Program Files\MATLAB\R2013b\bin\win64\boost_iostreams-vc100-mt-1_49.dll
0x000000006b1e0000 - 0x000000006b226000 	C:\Program Files\MATLAB\R2013b\bin\win64\boost_serialization-vc100-mt-1_49.dll
0x000000006b1d0000 - 0x000000006b1d9000 	C:\Program Files\MATLAB\R2013b\bin\win64\boost_system-vc100-mt-1_49.dll
0x000000006e460000 - 0x000000006e471000 	C:\Program Files\MATLAB\R2013b\bin\win64\boost_thread-vc100-mt-1_49.dll
0x000000006aee0000 - 0x000000006af6c000 	C:\Program Files\MATLAB\R2013b\bin\win64\boost_log-vc100-mt-1_49.dll
0x00007fff74e40000 - 0x00007fff74ee5000 	C:\WINDOWS\system32\ADVAPI32.dll
0x00007fff74420000 - 0x00007fff744c1000 	C:\WINDOWS\WinSxS\amd64_microsoft.windows.common-controls_6595b64144ccf1df_5.82.9600.16384_none_34a8918f959016ea\COMCTL32.dll
0x00007fff74860000 - 0x00007fff748fe000 	C:\WINDOWS\system32\COMDLG32.dll
0x00007fff6e840000 - 0x00007fff6e855000 	C:\WINDOWS\SYSTEM32\NETAPI32.dll
0x00007fff76880000 - 0x00007fff768d8000 	C:\WINDOWS\system32\WS2_32.dll
0x00007fff4ee50000 - 0x00007fff4ee83000 	C:\Program Files\MATLAB\R2013b\bin\win64\tbb.dll
0x000000006af70000 - 0x000000006b1b1000 	C:\Program Files\MATLAB\R2013b\bin\win64\xerces-c_2_7.dll
0x00007fff76a00000 - 0x00007fff76b71000 	C:\WINDOWS\system32\USER32.dll
0x00007fff75460000 - 0x00007fff7687f000 	C:\WINDOWS\system32\SHELL32.dll
0x00007fff75030000 - 0x00007fff751a8000 	C:\WINDOWS\system32\ole32.dll
0x00007fff74ba0000 - 0x00007fff74c57000 	C:\WINDOWS\system32\OLEAUT32.dll
0x0000000004e70000 - 0x0000000005230000 	C:\Program Files\MATLAB\R2013b\bin\win64\iqm.dll
0x000000006c710000 - 0x000000006c73f000 	C:\Program Files\MATLAB\R2013b\bin\win64\libmwbridge.dll
0x000000006d760000 - 0x000000006d784000 	C:\Program Files\MATLAB\R2013b\bin\win64\libmex.dll
0x0000000180000000 - 0x00000001800c2000 	C:\Program Files\MATLAB\R2013b\bin\win64\m_dispatcher.dll
0x0000000005230000 - 0x0000000005492000 	C:\Program Files\MATLAB\R2013b\bin\win64\mcos.dll
0x000000006c500000 - 0x000000006c651000 	C:\Program Files\MATLAB\R2013b\bin\win64\libmwgui.dll
0x000000006bac0000 - 0x000000006c426000 	C:\Program Files\MATLAB\R2013b\bin\win64\hg.dll
0x000000006b3a0000 - 0x000000006b4b2000 	C:\Program Files\MATLAB\R2013b\bin\win64\hgutils.dll
0x00000000054a0000 - 0x0000000005c9b000 	C:\Program Files\MATLAB\R2013b\bin\win64\m_interpreter.dll
0x000000006b780000 - 0x000000006b848000 	C:\Program Files\MATLAB\R2013b\bin\win64\jmi.dll
0x000000006b2f0000 - 0x000000006b39e000 	C:\Program Files\MATLAB\R2013b\bin\win64\udd_mi.dll
0x0000000005ca0000 - 0x0000000005f6f000 	C:\Program Files\MATLAB\R2013b\bin\win64\uiw.dll
0x0000000004110000 - 0x000000000412d000 	C:\Program Files\MATLAB\R2013b\bin\win64\mwoles05.DLL
0x0000000005f70000 - 0x0000000005fdc000 	C:\Program Files\MATLAB\R2013b\bin\win64\comcli.dll
0x0000000000020000 - 0x000000000002c000 	C:\Program Files\MATLAB\R2013b\bin\win64\mlautoregister.dll
0x000000006fe70000 - 0x000000006fe7d000 	C:\Program Files\MATLAB\R2013b\bin\win64\libmwresource_core.dll
0x0000000068a10000 - 0x0000000068a35000 	C:\Program Files\MATLAB\R2013b\bin\win64\LIBEXPAT.dll
0x0000000005fe0000 - 0x000000000616a000 	C:\Program Files\MATLAB\R2013b\bin\win64\icuin49.dll
0x00000000688d0000 - 0x0000000068a0e000 	C:\Program Files\MATLAB\R2013b\bin\win64\icuuc49.dll
0x000000006ad30000 - 0x000000006ad40000 	C:\Program Files\MATLAB\R2013b\bin\win64\icuio49.dll
0x00007fff769f0000 - 0x00007fff769f7000 	C:\WINDOWS\system32\PSAPI.DLL
0x0000000068a40000 - 0x0000000068b1f000 	C:\Program Files\MATLAB\R2013b\bin\win64\boost_regex-vc100-mt-1_49.dll
0x0000000068b20000 - 0x0000000068b31000 	C:\Program Files\MATLAB\R2013b\bin\win64\boost_signals-vc100-mt-1_49.dll
0x00007fff753e0000 - 0x00007fff753f5000 	C:\WINDOWS\system32\imagehlp.dll
0x00007fff742f0000 - 0x00007fff74335000 	C:\WINDOWS\SYSTEM32\POWRPROF.dll
0x00007fff4ebd0000 - 0x00007fff4ebf8000 	C:\Program Files\MATLAB\R2013b\bin\win64\tbbmalloc.dll
0x0000000068b40000 - 0x0000000068b57000 	C:\Program Files\MATLAB\R2013b\bin\win64\zlib1.dll
0x000000006e870000 - 0x000000006e8e7000 	C:\Program Files\MATLAB\R2013b\bin\win64\xmlcore.dll
0x000000006ad40000 - 0x000000006ad4e000 	C:\Program Files\MATLAB\R2013b\bin\win64\libminizip.dll
0x00007fff76d20000 - 0x00007fff76dc7000 	C:\WINDOWS\system32\msvcrt.dll
0x00007fff76990000 - 0x00007fff769e7000 	C:\WINDOWS\SYSTEM32\sechost.dll
0x00007fff74ef0000 - 0x00007fff75027000 	C:\WINDOWS\system32\RPCRT4.dll
0x00007fff74900000 - 0x00007fff74a44000 	C:\WINDOWS\system32\GDI32.dll
0x00007fff76dd0000 - 0x00007fff76e21000 	C:\WINDOWS\system32\SHLWAPI.dll
0x00007fff73600000 - 0x00007fff7360c000 	C:\WINDOWS\SYSTEM32\netutils.dll
0x00007fff73ef0000 - 0x00007fff73f15000 	C:\WINDOWS\SYSTEM32\srvcli.dll
0x00007fff6e800000 - 0x00007fff6e816000 	C:\WINDOWS\SYSTEM32\wkscli.dll
0x00007fff76fd0000 - 0x00007fff76fd9000 	C:\WINDOWS\system32\NSI.dll
0x00007fff75200000 - 0x00007fff753d6000 	C:\WINDOWS\SYSTEM32\combase.dll
0x0000000006170000 - 0x0000000006226000 	C:\Program Files\MATLAB\R2013b\bin\win64\udd.dll
0x000000006c4d0000 - 0x000000006c4f8000 	C:\Program Files\MATLAB\R2013b\bin\win64\graphics_util.dll
0x000000006ba60000 - 0x000000006babd000 	C:\Program Files\MATLAB\R2013b\bin\win64\libmat.dll
0x000000006b730000 - 0x000000006b772000 	C:\Program Files\MATLAB\R2013b\bin\win64\libmwhardcopy.dll
0x000000006b6d0000 - 0x000000006b72e000 	C:\Program Files\MATLAB\R2013b\bin\win64\libuij.dll
0x0000000006230000 - 0x0000000006435000 	C:\Program Files\MATLAB\R2013b\bin\win64\hgdatatypes.dll
0x000000006ced0000 - 0x000000006cf4f000 	C:\Program Files\MATLAB\R2013b\bin\win64\libmwlapack.dll
0x000000006b2b0000 - 0x000000006b2e6000 	C:\Program Files\MATLAB\R2013b\bin\win64\libmwgbtutils.dll
0x000000006b290000 - 0x000000006b2a3000 	C:\Program Files\MATLAB\R2013b\bin\win64\libmwgbt.dll
0x000000006a7d0000 - 0x000000006ad2d000 	C:\Program Files\MATLAB\R2013b\bin\win64\mfc100.dll
0x00007fff6dba0000 - 0x00007fff6dc1b000 	C:\WINDOWS\SYSTEM32\WINSPOOL.DRV
0x000000006d6e0000 - 0x000000006d75b000 	C:\Program Files\MATLAB\R2013b\bin\win64\profiler.dll
0x000000006d450000 - 0x000000006d5c8000 	C:\Program Files\MATLAB\R2013b\bin\win64\libmwmathutil.dll
0x000000006d420000 - 0x000000006d447000 	C:\Program Files\MATLAB\R2013b\bin\win64\libmwmathrng.dll
0x000000006ceb0000 - 0x000000006ced0000 	C:\Program Files\MATLAB\R2013b\bin\win64\m_pcodeio.dll
0x000000006ce50000 - 0x000000006ceac000 	C:\Program Files\MATLAB\R2013b\bin\win64\m_ir.dll
0x0000000006440000 - 0x0000000006af5000 	C:\Program Files\MATLAB\R2013b\bin\win64\m_parser.dll
0x000000006c740000 - 0x000000006c768000 	C:\Program Files\MATLAB\R2013b\bin\win64\m_pcodegen.dll
0x000000006d2b0000 - 0x000000006d313000 	C:\Program Files\MATLAB\R2013b\bin\win64\libmwspmatrix.dll
0x00007fff69530000 - 0x00007fff696b8000 	C:\WINDOWS\SYSTEM32\dbghelp.dll
0x0000000004140000 - 0x000000000414e000 	C:\Program Files\MATLAB\R2013b\bin\win64\nativejava_services.dll
0x0000000004150000 - 0x0000000004159000 	C:\Program Files\MATLAB\R2013b\bin\win64\uinone.dll
0x0000000006b00000 - 0x0000000006b2c000 	C:\Program Files\MATLAB\R2013b\bin\win64\libmwnativedialogs.dll
0x00007fff686f0000 - 0x00007fff6870b000 	C:\WINDOWS\SYSTEM32\MPR.dll
0x000000006a7a0000 - 0x000000006a7cb000 	C:\Program Files\MATLAB\R2013b\bin\win64\ATL100.DLL
0x0000000069670000 - 0x000000006a792000 	C:\Program Files\MATLAB\R2013b\bin\win64\icudt49.dll
0x00000000695b0000 - 0x0000000069668000 	C:\Program Files\MATLAB\R2013b\bin\win64\libtex_base.dll
0x000000006b850000 - 0x000000006ba58000 	C:\Program Files\MATLAB\R2013b\bin\win64\hdf5dll.dll
0x000000006cf60000 - 0x000000006cf75000 	C:\Program Files\MATLAB\R2013b\bin\win64\libmwbinder.dll
0x000000006cf50000 - 0x000000006cf5b000 	C:\Program Files\MATLAB\R2013b\bin\win64\libmwompwrapper.dll
0x00007fff6fb30000 - 0x00007fff6fb37000 	C:\WINDOWS\SYSTEM32\MSIMG32.dll
0x000000006d410000 - 0x000000006d420000 	C:\Program Files\MATLAB\R2013b\bin\win64\libmwmfl_rng.dll
0x0000000006b60000 - 0x0000000006c78000 	C:\Program Files\MATLAB\R2013b\bin\win64\libmwmathcore.dll
0x000000006c780000 - 0x000000006c797000 	C:\Program Files\MATLAB\R2013b\bin\win64\ir_xfmr.dll
0x000000006c770000 - 0x000000006c780000 	C:\Program Files\MATLAB\R2013b\bin\win64\mtok.dll
0x0000000006c90000 - 0x0000000006c9c000 	C:\Program Files\MATLAB\R2013b\bin\win64\libmwplatform_res.dll
0x00007fff729b0000 - 0x00007fff72a4f000 	C:\WINDOWS\SYSTEM32\SHCORE.DLL
0x000000006cfc0000 - 0x000000006d01c000 	C:\Program Files\MATLAB\R2013b\bin\win64\libmwcholmod.dll
0x000000006cfb0000 - 0x000000006cfbc000 	C:\Program Files\MATLAB\R2013b\bin\win64\libmwamd.dll
0x000000006cfa0000 - 0x000000006cfab000 	C:\Program Files\MATLAB\R2013b\bin\win64\libmwcolamd.dll
0x000000006cf80000 - 0x000000006cf93000 	C:\Program Files\MATLAB\R2013b\bin\win64\libmwblas.dll
0x00007fff751c0000 - 0x00007fff751f4000 	C:\WINDOWS\system32\IMM32.DLL
0x00007fff74a50000 - 0x00007fff74b89000 	C:\WINDOWS\system32\MSCTF.dll
0x00007fff73050000 - 0x00007fff73171000 	C:\WINDOWS\SYSTEM32\UxTheme.dll
0x00007fff72640000 - 0x00007fff72660000 	C:\WINDOWS\system32\dwmapi.dll
0x00000000695a0000 - 0x00000000695ad000 	C:\Program Files\MATLAB\R2013b\bin\win64\MFC100ENU.DLL
0x0000000006ee0000 - 0x0000000006f4a000 	C:\Program Files\MATLAB\R2013b\bin\win64\MVMLocal.dll
0x00007fff74350000 - 0x00007fff74364000 	C:\WINDOWS\SYSTEM32\profapi.dll

VM Arguments:
jvm_args: -XX:PermSize=32m -Xms64m -XX:NewRatio=3 -XX:MaxPermSize=128m -Xmx384m -XX:MaxDirectMemorySize=2147400000 -Dsun.java2d.noddraw=true -Dsun.awt.nopixfmt=true -Xshare:off -Xrs -XX:-UseSplitVerifier -Djava.library.path=C:\Program Files\MATLAB\R2013b\bin\win64;C:\Program Files\MATLAB\R2013b\sys\jxbrowser\win64\lib vfprintf abort -Duser.language=pt -Duser.country=BR 
java_command: <unknown>
Launcher Type: generic

Environment Variables:
PATH=c:\Program Files (x86)\AMD APP\bin\x86_64;c:\Program Files (x86)\AMD APP\bin\x86;C:\Program Files (x86)\Intel\iCLS Client\;C:\Program Files\Intel\iCLS Client\;C:\Windows\system32;C:\Windows;C:\Windows\System32\Wbem;C:\Windows\System32\WindowsPowerShell\v1.0\;C:\Program Files\Intel\Intel(R) Management Engine Components\DAL;C:\Program Files\Intel\Intel(R) Management Engine Components\IPT;C:\Program Files (x86)\Intel\Intel(R) Management Engine Components\DAL;C:\Program Files (x86)\Intel\Intel(R) Management Engine Components\IPT;c:\Program Files (x86)\ATI Technologies\ATI.ACE\Core-Static;C:\Program Files (x86)\Windows Live\Shared;C:\Program Files\MATLAB\R2013b\runtime\win64;C:\Program Files\MATLAB\R2013b\bin;C:\Program Files\MiKTeX 2.9\miktex\bin\x64\;C:\Program Files (x86)\QuickTime\QTSystem\;C:\WINDOWS\system32;C:\WINDOWS;C:\WINDOWS\System32\Wbem;C:\WINDOWS\System32\WindowsPowerShell\v1.0\
USERNAME=5690
OS=Windows_NT
PROCESSOR_IDENTIFIER=Intel64 Family 6 Model 58 Stepping 9, GenuineIntel



---------------  S Y S T E M  ---------------

OS: Windows 8 , 64 bit Build 9200 

CPU:total 4 (2 cores per cpu, 2 threads per core) family 6 model 58 stepping 9, cmov, cx8, fxsr, mmx, sse, sse2, sse3, ssse3, sse4.1, sse4.2, popcnt, avx, ht, tsc, tscinvbit, tscinv

Memory: 4k page, physical 8251900k(731416k free), swap 33417724k(1716k free)

vm_info: Java HotSpot(TM) 64-Bit Server VM (23.6-b04) for windows-amd64 JRE (1.7.0_11-b21), built on Jan 12 2013 02:38:42 by "java_re" with unknown MS VC++:1600

time: Tue Sep 23 08:40:52 2014
elapsed time: 3900 seconds

